<?xml version="1.0" encoding="UTF-8"?>
<!-- Generated by org.testng.reporters.JUnitReportReporter -->
<testsuite hostname="DESKTOP-BRBSHPB" failures="0" tests="2" name="org.testing.annotation.Hindi_BM_TAM" time="0.018" errors="0" timestamp="2025-09-23T16:22:17 IST" skipped="0">
  <testcase classname="org.testing.annotation.Hindi_BM_TAM" name="UserLogin" time="0.016"/>
  <testcase classname="org.testing.annotation.Hindi_BM_TAM" name="UserMoneycounter" time="0.002"/>
</testsuite> <!-- org.testing.annotation.Hindi_BM_TAM -->
