<?xml version="1.0" encoding="UTF-8"?>
<testng-results ignored="0" total="1" passed="1" failed="0" skipped="0">
  <reporter-output>
  </reporter-output>
  <suite started-at="2026-05-07T11:55:58 IST" name="Default suite" finished-at="2026-05-07T11:56:01 IST" duration-ms="3081">
    <groups>
    </groups>
    <test started-at="2026-05-07T11:55:58 IST" name="Default test" finished-at="2026-05-07T11:56:01 IST" duration-ms="3081">
      <class name="session06.ValidateJsonResponseBody">
        <test-method signature="UserListResponseBody()[pri:0, instance:session06.ValidateJsonResponseBody@5bf0d49]" started-at="2026-05-07T11:55:58 IST" name="UserListResponseBody" finished-at="2026-05-07T11:56:01 IST" duration-ms="3031" status="PASS">
          <reporter-output>
          </reporter-output>
        </test-method> <!-- UserListResponseBody -->
      </class> <!-- session06.ValidateJsonResponseBody -->
    </test> <!-- Default test -->
  </suite> <!-- Default suite -->
</testng-results>
