<?xml version="1.0" encoding="UTF-8"?>
<testng-results ignored="0" total="1" passed="1" failed="0" skipped="0">
  <reporter-output>
  </reporter-output>
  <suite started-at="2026-01-06T17:36:41 IST" name="Default suite" finished-at="2026-01-06T17:36:47 IST" duration-ms="6553">
    <groups>
    </groups>
    <test started-at="2026-01-06T17:36:41 IST" name="Default test" finished-at="2026-01-06T17:36:47 IST" duration-ms="6553">
      <class name="tests.DummyTest">
        <test-method is-config="true" signature="setUp()[pri:0, instance:tests.DummyTest@55141def]" started-at="2026-01-06T17:36:41 IST" name="setUp" finished-at="2026-01-06T17:36:47 IST" duration-ms="6498" status="PASS">
          <reporter-output>
          </reporter-output>
        </test-method> <!-- setUp -->
        <test-method signature="openWebsiteTest()[pri:0, instance:tests.DummyTest@55141def]" started-at="2026-01-06T17:36:47 IST" name="openWebsiteTest" finished-at="2026-01-06T17:36:47 IST" duration-ms="10" status="PASS">
          <reporter-output>
          </reporter-output>
        </test-method> <!-- openWebsiteTest -->
        <test-method is-config="true" signature="tearDown()[pri:0, instance:tests.DummyTest@55141def]" started-at="2026-01-06T17:36:47 IST" name="tearDown" finished-at="2026-01-06T17:36:47 IST" duration-ms="1" status="PASS">
          <reporter-output>
          </reporter-output>
        </test-method> <!-- tearDown -->
      </class> <!-- tests.DummyTest -->
    </test> <!-- Default test -->
  </suite> <!-- Default suite -->
</testng-results>
